<?xml version="1.0" encoding="UTF-8"?>
<testng-results ignored="0" total="3" passed="3" failed="0" skipped="0">
  <reporter-output>
  </reporter-output>
  <suite started-at="2023-07-28T20:26:37 IST" name="Default suite" finished-at="2023-07-28T20:26:37 IST" duration-ms="36">
    <groups>
    </groups>
    <test started-at="2023-07-28T20:26:37 IST" name="Default test" finished-at="2023-07-28T20:26:37 IST" duration-ms="36">
      <class name="TestDataProviderDemo">
        <test-method signature="testLogin(java.lang.String,java.lang.String)[pri:0, instance:TestDataProviderDemo@7674f035]" started-at="2023-07-28T20:26:37 IST" name="testLogin" data-provider="loginCredentials" finished-at="2023-07-28T20:26:37 IST" duration-ms="4" status="PASS">
          <params>
            <param index="0">
              <value>
                <![CDATA[unusepc@gmail.com]]>
              </value>
            </param>
            <param index="1">
              <value>
                <![CDATA[3Jra-cZ3$9BWRa3]]>
              </value>
            </param>
          </params>
          <reporter-output>
          </reporter-output>
        </test-method> <!-- testLogin -->
        <test-method signature="testLogin(java.lang.String,java.lang.String)[pri:0, instance:TestDataProviderDemo@7674f035]" started-at="2023-07-28T20:26:37 IST" name="testLogin" data-provider="loginCredentials" finished-at="2023-07-28T20:26:37 IST" duration-ms="1" status="PASS">
          <params>
            <param index="0">
              <value>
                <![CDATA[fake@email.com]]>
              </value>
            </param>
            <param index="1">
              <value>
                <![CDATA[password]]>
              </value>
            </param>
          </params>
          <reporter-output>
          </reporter-output>
        </test-method> <!-- testLogin -->
        <test-method signature="testLogin(java.lang.String,java.lang.String)[pri:0, instance:TestDataProviderDemo@7674f035]" started-at="2023-07-28T20:26:37 IST" name="testLogin" data-provider="loginCredentials" finished-at="2023-07-28T20:26:37 IST" duration-ms="0" status="PASS">
          <params>
            <param index="0">
              <value>
                <![CDATA[pc@gmail.com]]>
              </value>
            </param>
            <param index="1">
              <value>
                <![CDATA[pass]]>
              </value>
            </param>
          </params>
          <reporter-output>
          </reporter-output>
        </test-method> <!-- testLogin -->
      </class> <!-- TestDataProviderDemo -->
    </test> <!-- Default test -->
  </suite> <!-- Default suite -->
</testng-results>
