<?xml version="1.0" encoding="UTF-8"?>
<!-- Generated by org.testng.reporters.JUnitXMLReporter -->
<testsuite ignored="0" hostname="DELL-PC" failures="0" tests="3" name="Default test" time="0.036" errors="0" timestamp="2023-07-28T20:26:37 IST">
  <testcase classname="TestDataProviderDemo" name="testLogin" time="0.004"/>
  <testcase classname="TestDataProviderDemo" name="testLogin" time="0.001"/>
  <testcase classname="TestDataProviderDemo" name="testLogin" time="0.0"/>
</testsuite> <!-- Default test -->
